#-----------------------------------------------------------
# Vivado v2018.2 (64-bit)
# SW Build 2258646 on Thu Jun 14 20:03:12 MDT 2018
# IP Build 2256618 on Thu Jun 14 22:10:49 MDT 2018
# Start of session at: Fri Jan  4 18:35:57 2019
# Process ID: 22712
# Current directory: D:/GitHub/riscv-cpu/riscv-cpu
# Command line: vivado.exe -gui_launcher_event rodinguilauncherevent45908 D:\GitHub\riscv-cpu\riscv-cpu\riscv-cpu.xpr
# Log file: D:/GitHub/riscv-cpu/riscv-cpu/vivado.log
# Journal file: D:/GitHub/riscv-cpu/riscv-cpu\vivado.jou
#-----------------------------------------------------------
start_gui
open_project D:/GitHub/riscv-cpu/riscv-cpu/riscv-cpu.xpr
Scanning sources...
Finished scanning sources
INFO: [IP_Flow 19-234] Refreshing IP repositories
INFO: [IP_Flow 19-1704] No user IP repositories specified
INFO: [IP_Flow 19-2313] Loaded Vivado IP repository 'D:/Xilinx/Vivado/2018.2/data/ip'.
open_project: Time (s): cpu = 00:00:10 ; elapsed = 00:00:05 . Memory (MB): peak = 862.539 ; gain = 117.840
set_property source_mgmt_mode None [current_project]
